This is pdfTeX, Version 3.141592653-2.6-1.40.22 (TeX Live 2022/dev/Debian) (preloaded format=pdflatex 2023.10.13)  25 FEB 2024 13:09
entering extended mode
 \write18 enabled.
 %&-line parsing enabled.
**aufgabe_temp_ueberwachung_esp32_dht22_mqtt_mosquitto_aufgabentext.tex
(./aufgabe_temp_ueberwachung_esp32_dht22_mqtt_mosquitto_aufgabentext.tex
LaTeX2e <2021-11-15> patch level 1
L3 programming layer <2022-01-21>
(/usr/share/texlive/texmf-dist/tex/latex/koma-script/scrartcl.cls
Document Class: scrartcl 2021/11/13 v3.35 KOMA-Script document class (article)
(/usr/share/texlive/texmf-dist/tex/latex/koma-script/scrkbase.sty
Package: scrkbase 2021/11/13 v3.35 KOMA-Script package (KOMA-Script-dependent b
asics and keyval usage)

(/usr/share/texlive/texmf-dist/tex/latex/koma-script/scrbase.sty
Package: scrbase 2021/11/13 v3.35 KOMA-Script package (KOMA-Script-independent 
basics and keyval usage)

(/usr/share/texlive/texmf-dist/tex/latex/koma-script/scrlfile.sty
Package: scrlfile 2021/11/13 v3.35 KOMA-Script package (file load hooks)

(/usr/share/texlive/texmf-dist/tex/latex/koma-script/scrlfile-hook.sty
Package: scrlfile-hook 2021/11/13 v3.35 KOMA-Script package (using LaTeX hooks)


(/usr/share/texlive/texmf-dist/tex/latex/koma-script/scrlogo.sty
Package: scrlogo 2021/11/13 v3.35 KOMA-Script package (logo)
)))
(/usr/share/texlive/texmf-dist/tex/latex/graphics/keyval.sty
Package: keyval 2014/10/28 v1.15 key=value parser (DPC)
\KV@toks@=\toks16
)
Applying: [2021/05/01] Usage of raw or classic option list on input line 252.
Already applied: [0000/00/00] Usage of raw or classic option list on input line
 368.
))
(/usr/share/texlive/texmf-dist/tex/latex/koma-script/tocbasic.sty
Package: tocbasic 2021/11/13 v3.35 KOMA-Script package (handling toc-files)
\scr@dte@tocline@numberwidth=\skip47
\scr@dte@tocline@numbox=\box50
)
Package tocbasic Info: babel extension for `toc' omitted
(tocbasic)             because of missing \bbl@set@language on input line 135.
Class scrartcl Info: File `scrsize11pt.clo' used instead of
(scrartcl)           file `scrsize11.clo' to setup font sizes on input line 224
2.

(/usr/share/texlive/texmf-dist/tex/latex/koma-script/scrsize11pt.clo
File: scrsize11pt.clo 2021/11/13 v3.35 KOMA-Script font size class option (11pt
)
)
(/usr/share/texlive/texmf-dist/tex/latex/koma-script/typearea.sty
Package: typearea 2021/11/13 v3.35 KOMA-Script package (type area)
\ta@bcor=\skip48
\ta@div=\count185
\ta@hblk=\skip49
\ta@vblk=\skip50
\ta@temp=\skip51
\footheight=\skip52
Package typearea Info: These are the values describing the layout:
(typearea)             DIV  = 10
(typearea)             BCOR = 0.0pt
(typearea)             \paperwidth      = 597.50793pt
(typearea)              \textwidth      = 418.25555pt
(typearea)              DIV departure   = -6%
(typearea)              \evensidemargin = 17.3562pt
(typearea)              \oddsidemargin  = 17.3562pt
(typearea)             \paperheight     = 845.04694pt
(typearea)              \textheight     = 595.80026pt
(typearea)              \topmargin      = -25.16531pt
(typearea)              \headheight     = 17.0pt
(typearea)              \headsep        = 20.40001pt
(typearea)              \topskip        = 11.0pt
(typearea)              \footskip       = 47.6pt
(typearea)              \baselineskip   = 13.6pt
(typearea)              on input line 1743.
)
\c@part=\count186
\c@section=\count187
\c@subsection=\count188
\c@subsubsection=\count189
\c@paragraph=\count190
\c@subparagraph=\count191
\scr@dte@section@maxnumwidth=\skip53
Class scrartcl Info: using compatibility default `runin=bysign'
(scrartcl)           for `\section on input line 4852.
Class scrartcl Info: using compatibility default `afterindent=bysign'
(scrartcl)           for `\section on input line 4852.
\scr@dte@part@maxnumwidth=\skip54
Class scrartcl Info: using compatibility default `afterindent=false'
(scrartcl)           for `\part on input line 4860.
\scr@dte@subsection@maxnumwidth=\skip55
Class scrartcl Info: using compatibility default `runin=bysign'
(scrartcl)           for `\subsection on input line 4870.
Class scrartcl Info: using compatibility default `afterindent=bysign'
(scrartcl)           for `\subsection on input line 4870.
\scr@dte@subsubsection@maxnumwidth=\skip56
Class scrartcl Info: using compatibility default `runin=bysign'
(scrartcl)           for `\subsubsection on input line 4880.
Class scrartcl Info: using compatibility default `afterindent=bysign'
(scrartcl)           for `\subsubsection on input line 4880.
\scr@dte@paragraph@maxnumwidth=\skip57
Class scrartcl Info: using compatibility default `runin=bysign'
(scrartcl)           for `\paragraph on input line 4891.
Class scrartcl Info: using compatibility default `afterindent=bysign'
(scrartcl)           for `\paragraph on input line 4891.
\scr@dte@subparagraph@maxnumwidth=\skip58
Class scrartcl Info: using compatibility default `runin=bysign'
(scrartcl)           for `\subparagraph on input line 4901.
Class scrartcl Info: using compatibility default `afterindent=bysign'
(scrartcl)           for `\subparagraph on input line 4901.
\abovecaptionskip=\skip59
\belowcaptionskip=\skip60
\c@pti@nb@sid@b@x=\box51
Package tocbasic Info: babel extension for `lof' omitted
(tocbasic)             because of missing \bbl@set@language on input line 6076.

\scr@dte@figure@maxnumwidth=\skip61
\c@figure=\count192
Package tocbasic Info: babel extension for `lot' omitted
(tocbasic)             because of missing \bbl@set@language on input line 6091.

\scr@dte@table@maxnumwidth=\skip62
\c@table=\count193
Class scrartcl Info: Redefining `\numberline' on input line 6258.
\bibindent=\dimen138
)
(/usr/share/texlive/texmf-dist/tex/generic/babel/babel.sty
Package: babel 2022/01/26 3.70 The Babel package
\babel@savecnt=\count194
\U@D=\dimen139
\l@unhyphenated=\language12

(/usr/share/texlive/texmf-dist/tex/generic/babel/txtbabel.def)
\bbl@readstream=\read2
\bbl@dirlevel=\count195

(/usr/share/texlive/texmf-dist/tex/generic/babel-german/german.ldf
Language: german 2021/02/27 v2.13 German support for babel (pre-1996 orthograph
y)

(/usr/share/texlive/texmf-dist/tex/generic/babel-german/germanb.ldf
Language: germanb 2021/02/27 v2.13 German support for babel (pre-1996 orthograp
hy)
Package babel Info: Making " an active character on input line 139.
)))
(/usr/share/texlive/texmf-dist/tex/latex/base/inputenc.sty
Package: inputenc 2021/02/14 v1.3d Input encoding file
\inpenc@prehook=\toks17
\inpenc@posthook=\toks18
)
(/usr/share/texlive/texmf-dist/tex/latex/base/fontenc.sty
Package: fontenc 2021/04/29 v2.0v Standard LaTeX package
)
(/usr/share/texlive/texmf-dist/tex/latex/eurosym/eurosym.sty
Package: eurosym 1998/08/06 v1.1 European currency symbol ``Euro''
\@eurobox=\box52
)
(/usr/share/texlive/texmf-dist/tex/latex/graphics/graphicx.sty
Package: graphicx 2021/09/16 v1.2d Enhanced LaTeX Graphics (DPC,SPQR)

(/usr/share/texlive/texmf-dist/tex/latex/graphics/graphics.sty
Package: graphics 2021/03/04 v1.4d Standard LaTeX Graphics (DPC,SPQR)

(/usr/share/texlive/texmf-dist/tex/latex/graphics/trig.sty
Package: trig 2021/08/11 v1.11 sin cos tan (DPC)
)
(/usr/share/texlive/texmf-dist/tex/latex/graphics-cfg/graphics.cfg
File: graphics.cfg 2016/06/04 v1.11 sample graphics configuration
)
Package graphics Info: Driver file: pdftex.def on input line 107.

(/usr/share/texlive/texmf-dist/tex/latex/graphics-def/pdftex.def
File: pdftex.def 2020/10/05 v1.2a Graphics/color driver for pdftex
))
\Gin@req@height=\dimen140
\Gin@req@width=\dimen141
)
(/usr/share/texlive/texmf-dist/tex/generic/ulem/ulem.sty
\UL@box=\box53
\UL@hyphenbox=\box54
\UL@skip=\skip63
\UL@hook=\toks19
\UL@height=\dimen142
\UL@pe=\count196
\UL@pixel=\dimen143
\ULC@box=\box55
Package: ulem 2019/11/18
\ULdepth=\dimen144
)
(/usr/share/texlive/texmf-dist/tex/latex/tools/multicol.sty
Package: multicol 2021/10/28 v1.9b multicolumn formatting (FMi)
\c@tracingmulticols=\count197
\mult@box=\box56
\multicol@leftmargin=\dimen145
\c@unbalance=\count198
\c@collectmore=\count199
\doublecol@number=\count266
\multicoltolerance=\count267
\multicolpretolerance=\count268
\full@width=\dimen146
\page@free=\dimen147
\premulticols=\dimen148
\postmulticols=\dimen149
\multicolsep=\skip64
\multicolbaselineskip=\skip65
\partial@page=\box57
\last@line=\box58
\maxbalancingoverflow=\dimen150
\mult@rightbox=\box59
\mult@grightbox=\box60
\mult@firstbox=\box61
\mult@gfirstbox=\box62
\@tempa=\box63
\@tempa=\box64
\@tempa=\box65
\@tempa=\box66
\@tempa=\box67
\@tempa=\box68
\@tempa=\box69
\@tempa=\box70
\@tempa=\box71
\@tempa=\box72
\@tempa=\box73
\@tempa=\box74
\@tempa=\box75
\@tempa=\box76
\@tempa=\box77
\@tempa=\box78
\@tempa=\box79
\@tempa=\box80
\@tempa=\box81
\@tempa=\box82
\@tempa=\box83
\@tempa=\box84
\@tempa=\box85
\@tempa=\box86
\@tempa=\box87
\@tempa=\box88
\@tempa=\box89
\@tempa=\box90
\@tempa=\box91
\@tempa=\box92
\@tempa=\box93
\@tempa=\box94
\@tempa=\box95
\@tempa=\box96
\@tempa=\box97
\@tempa=\box98
\c@minrows=\count269
\c@columnbadness=\count270
\c@finalcolumnbadness=\count271
\last@try=\dimen151
\multicolovershoot=\dimen152
\multicolundershoot=\dimen153
\mult@nat@firstbox=\box99
\colbreak@box=\box100
\mc@col@check@num=\count272
)
(/usr/share/texlive/texmf-dist/tex/latex/svg/svg.sty
Package: svg 2020/11/26 v2.02k (include SVG pictures)

(/usr/share/texlive/texmf-dist/tex/generic/iftex/iftex.sty
Package: iftex 2020/03/06 v1.0d TeX engine tests
)
(/usr/share/texlive/texmf-dist/tex/generic/pdftexcmds/pdftexcmds.sty
Package: pdftexcmds 2020-06-27 v0.33 Utility functions of pdfTeX for LuaTeX (HO
)

(/usr/share/texlive/texmf-dist/tex/generic/infwarerr/infwarerr.sty
Package: infwarerr 2019/12/03 v1.5 Providing info/warning/error messages (HO)
)
(/usr/share/texlive/texmf-dist/tex/generic/ltxcmds/ltxcmds.sty
Package: ltxcmds 2020-05-10 v1.25 LaTeX kernel commands for general use (HO)
)
Package pdftexcmds Info: \pdf@primitive is available.
Package pdftexcmds Info: \pdf@ifprimitive is available.
Package pdftexcmds Info: \pdfdraftmode found.
)
(/usr/share/texlive/texmf-dist/tex/latex/trimspaces/trimspaces.sty
Package: trimspaces 2009/09/17 v1.1 Trim spaces around a token list
)
(/usr/share/texlive/texmf-dist/tex/latex/tools/shellesc.sty
Package: shellesc 2019/11/08 v1.0c unified shell escape interface for LaTeX
Package shellesc Info: Unrestricted shell escape enabled on input line 75.
)
(/usr/share/texlive/texmf-dist/tex/latex/ifplatform/ifplatform.sty
Package: ifplatform 2017/10/13 v0.4a Testing for the operating system

(/usr/share/texlive/texmf-dist/tex/generic/catchfile/catchfile.sty
Package: catchfile 2019/12/09 v1.8 Catch the contents of a file (HO)

(/usr/share/texlive/texmf-dist/tex/generic/etexcmds/etexcmds.sty
Package: etexcmds 2019/12/15 v1.7 Avoid name clashes with e-TeX commands (HO)
))
(/usr/share/texlive/texmf-dist/tex/generic/iftex/ifluatex.sty
Package: ifluatex 2019/10/25 v1.5 ifluatex legacy package. Use iftex instead.
)
runsystem(uname -s > "aufgabe_temp_ueberwachung_esp32_dht22_mqtt_mosquitto_aufg
abentext.w18")...executed.


(./aufgabe_temp_ueberwachung_esp32_dht22_mqtt_mosquitto_aufgabentext.w18)
runsystem(rm -- "aufgabe_temp_ueberwachung_esp32_dht22_mqtt_mosquitto_aufgabent
ext.w18")...executed.

)
\c@svg@param@lastpage=\count273
\svg@box=\box101
\c@svg@param@currpage=\count274
)
(/usr/share/texlive/texmf-dist/tex/latex/xcolor/xcolor.sty
Package: xcolor 2021/10/31 v2.13 LaTeX color extensions (UK)

(/usr/share/texlive/texmf-dist/tex/latex/graphics-cfg/color.cfg
File: color.cfg 2016/01/02 v1.6 sample color configuration
)
Package xcolor Info: Driver file: pdftex.def on input line 227.
Package xcolor Info: Model `cmy' substituted by `cmy0' on input line 1352.
Package xcolor Info: Model `hsb' substituted by `rgb' on input line 1356.
Package xcolor Info: Model `RGB' extended on input line 1368.
Package xcolor Info: Model `HTML' substituted by `rgb' on input line 1370.
Package xcolor Info: Model `Hsb' substituted by `hsb' on input line 1371.
Package xcolor Info: Model `tHsb' substituted by `hsb' on input line 1372.
Package xcolor Info: Model `HSB' substituted by `hsb' on input line 1373.
Package xcolor Info: Model `Gray' substituted by `gray' on input line 1374.
Package xcolor Info: Model `wave' substituted by `hsb' on input line 1375.
)
(/usr/share/texlive/texmf-dist/tex/latex/transparent/transparent.sty
Package: transparent 2019/11/29 v1.4 Transparency via pdfTeX's color stack (HO)


(/usr/share/texlive/texmf-dist/tex/latex/auxhook/auxhook.sty
Package: auxhook 2019-12-17 v1.6 Hooks for auxiliary files (HO)
))
(/usr/share/texlive/texmf-dist/tex/latex/pgf/systemlayer/pgfsys.sty
(/usr/share/texlive/texmf-dist/tex/latex/pgf/utilities/pgfrcs.sty
(/usr/share/texlive/texmf-dist/tex/generic/pgf/utilities/pgfutil-common.tex
\pgfutil@everybye=\toks20
\pgfutil@tempdima=\dimen154
\pgfutil@tempdimb=\dimen155

(/usr/share/texlive/texmf-dist/tex/generic/pgf/utilities/pgfutil-common-lists.t
ex)) (/usr/share/texlive/texmf-dist/tex/generic/pgf/utilities/pgfutil-latex.def
\pgfutil@abb=\box102
) (/usr/share/texlive/texmf-dist/tex/generic/pgf/utilities/pgfrcs.code.tex
(/usr/share/texlive/texmf-dist/tex/generic/pgf/pgf.revision.tex)
Package: pgfrcs 2021/05/15 v3.1.9a (3.1.9a)
))
(/usr/share/texlive/texmf-dist/tex/generic/pgf/systemlayer/pgfsys.code.tex
Package: pgfsys 2021/05/15 v3.1.9a (3.1.9a)

(/usr/share/texlive/texmf-dist/tex/generic/pgf/utilities/pgfkeys.code.tex
\pgfkeys@pathtoks=\toks21
\pgfkeys@temptoks=\toks22

(/usr/share/texlive/texmf-dist/tex/generic/pgf/utilities/pgfkeysfiltered.code.t
ex
\pgfkeys@tmptoks=\toks23
))
\pgf@x=\dimen156
\pgf@y=\dimen157
\pgf@xa=\dimen158
\pgf@ya=\dimen159
\pgf@xb=\dimen160
\pgf@yb=\dimen161
\pgf@xc=\dimen162
\pgf@yc=\dimen163
\pgf@xd=\dimen164
\pgf@yd=\dimen165
\w@pgf@writea=\write3
\r@pgf@reada=\read3
\c@pgf@counta=\count275
\c@pgf@countb=\count276
\c@pgf@countc=\count277
\c@pgf@countd=\count278
\t@pgf@toka=\toks24
\t@pgf@tokb=\toks25
\t@pgf@tokc=\toks26
\pgf@sys@id@count=\count279
 (/usr/share/texlive/texmf-dist/tex/generic/pgf/systemlayer/pgf.cfg
File: pgf.cfg 2021/05/15 v3.1.9a (3.1.9a)
)
Driver file for pgf: pgfsys-pdftex.def

(/usr/share/texlive/texmf-dist/tex/generic/pgf/systemlayer/pgfsys-pdftex.def
File: pgfsys-pdftex.def 2021/05/15 v3.1.9a (3.1.9a)

(/usr/share/texlive/texmf-dist/tex/generic/pgf/systemlayer/pgfsys-common-pdf.de
f
File: pgfsys-common-pdf.def 2021/05/15 v3.1.9a (3.1.9a)
)))
(/usr/share/texlive/texmf-dist/tex/generic/pgf/systemlayer/pgfsyssoftpath.code.
tex
File: pgfsyssoftpath.code.tex 2021/05/15 v3.1.9a (3.1.9a)
\pgfsyssoftpath@smallbuffer@items=\count280
\pgfsyssoftpath@bigbuffer@items=\count281
)
(/usr/share/texlive/texmf-dist/tex/generic/pgf/systemlayer/pgfsysprotocol.code.
tex
File: pgfsysprotocol.code.tex 2021/05/15 v3.1.9a (3.1.9a)
)) (/usr/share/texlive/texmf-dist/tex/latex/wrapfig/wrapfig.sty
\wrapoverhang=\dimen166
\WF@size=\dimen167
\c@WF@wrappedlines=\count282
\WF@box=\box103
\WF@everypar=\toks27
Package: wrapfig 2003/01/31  v 3.6
)
(/usr/share/texlive/texmf-dist/tex/latex/was/gensymb.sty
Package: gensymb 2003/07/02 v1.0 (WaS)
)
(/usr/share/texlive/texmf-dist/tex/latex/l3backend/l3backend-pdftex.def
File: l3backend-pdftex.def 2022-01-12 L3 backend support: PDF output (pdfTeX)
\l__color_backend_stack_int=\count283
\l__pdf_internal_box=\box104
)
(./aufgabe_temp_ueberwachung_esp32_dht22_mqtt_mosquitto_aufgabentext.aux)
\openout1 = `aufgabe_temp_ueberwachung_esp32_dht22_mqtt_mosquitto_aufgabentext.
aux'.

LaTeX Font Info:    Checking defaults for OML/cmm/m/it on input line 19.
LaTeX Font Info:    ... okay on input line 19.
LaTeX Font Info:    Checking defaults for OMS/cmsy/m/n on input line 19.
LaTeX Font Info:    ... okay on input line 19.
LaTeX Font Info:    Checking defaults for OT1/cmr/m/n on input line 19.
LaTeX Font Info:    ... okay on input line 19.
LaTeX Font Info:    Checking defaults for T1/cmr/m/n on input line 19.
LaTeX Font Info:    ... okay on input line 19.
LaTeX Font Info:    Checking defaults for TS1/cmr/m/n on input line 19.
LaTeX Font Info:    ... okay on input line 19.
LaTeX Font Info:    Checking defaults for OMX/cmex/m/n on input line 19.
LaTeX Font Info:    ... okay on input line 19.
LaTeX Font Info:    Checking defaults for U/cmr/m/n on input line 19.
LaTeX Font Info:    ... okay on input line 19.

(/usr/share/texlive/texmf-dist/tex/context/base/mkii/supp-pdf.mkii
[Loading MPS to PDF converter (version 2006.09.02).]
\scratchcounter=\count284
\scratchdimen=\dimen168
\scratchbox=\box105
\nofMPsegments=\count285
\nofMParguments=\count286
\everyMPshowfont=\toks28
\MPscratchCnt=\count287
\MPscratchDim=\dimen169
\MPnumerator=\count288
\makeMPintoPDFobject=\count289
\everyMPtoPDFconversion=\toks29
) (/usr/share/texlive/texmf-dist/tex/latex/epstopdf-pkg/epstopdf-base.sty
Package: epstopdf-base 2020-01-24 v2.11 Base part for package epstopdf
Package epstopdf-base Info: Redefining graphics rule for `.eps' on input line 4
85.

(/usr/share/texlive/texmf-dist/tex/latex/latexconfig/epstopdf-sys.cfg
File: epstopdf-sys.cfg 2010/07/13 v1.3 Configuration of (r)epstopdf for TeX Liv
e
))
LaTeX Info: Redefining \celsius on input line 19.
Package gensymb Info: Faking symbols for \degree and \celsius on input line 19.



Package gensymb Warning: Not defining \perthousand.

LaTeX Info: Redefining \ohm on input line 19.
Package gensymb Info: Using \Omega for \ohm on input line 19.

Package gensymb Warning: Not defining \micro.

LaTeX Font Info:    Trying to load font information for T1+cmss on input line 2
2.
(/usr/share/texlive/texmf-dist/tex/latex/base/t1cmss.fd
File: t1cmss.fd 2019/12/16 v2.5j Standard LaTeX font definitions
)
LaTeX Font Info:    External font `cmex10' loaded for size
(Font)              <14.4> on input line 22.
LaTeX Font Info:    External font `cmex10' loaded for size
(Font)              <7> on input line 22.
Package svg Info: Last page of `./svg-inkscape/messung1_widerstand_quelle_wider
stand_solo_svg-tex.pdf' is 3 on input line 55.

(./svg-inkscape/messung1_widerstand_quelle_widerstand_solo_svg-tex.pdf_tex
<./svg-inkscape/messung1_widerstand_quelle_widerstand_solo_svg-tex.pdf, id=5, p
age=1, 475.44609pt x 250.22166pt>
File: ./svg-inkscape/messung1_widerstand_quelle_widerstand_solo_svg-tex.pdf Gra
phic file (type pdf)
<use ./svg-inkscape/messung1_widerstand_quelle_widerstand_solo_svg-tex.pdf, pag
e 1>
Package pdftex.def Info: ./svg-inkscape/messung1_widerstand_quelle_widerstand_s
olo_svg-tex.pdf , page1 used on input line 56.
(pdftex.def)             Requested size: 167.29967pt x 88.04851pt.
LaTeX Font Info:    External font `cmex10' loaded for size
(Font)              <10.95> on input line 57.
LaTeX Font Info:    External font `cmex10' loaded for size
(Font)              <8> on input line 57.
LaTeX Font Info:    External font `cmex10' loaded for size
(Font)              <6> on input line 57.
<./svg-inkscape/messung1_widerstand_quelle_widerstand_solo_svg-tex.pdf, id=6, p
age=2, 475.44609pt x 250.22166pt>
File: ./svg-inkscape/messung1_widerstand_quelle_widerstand_solo_svg-tex.pdf Gra
phic file (type pdf)
<use ./svg-inkscape/messung1_widerstand_quelle_widerstand_solo_svg-tex.pdf, pag
e 2>
Package pdftex.def Info: ./svg-inkscape/messung1_widerstand_quelle_widerstand_s
olo_svg-tex.pdf , page2 used on input line 58.
(pdftex.def)             Requested size: 167.29967pt x 88.04851pt.
<./svg-inkscape/messung1_widerstand_quelle_widerstand_solo_svg-tex.pdf, id=7, p
age=3, 475.44609pt x 250.22166pt>
File: ./svg-inkscape/messung1_widerstand_quelle_widerstand_solo_svg-tex.pdf Gra
phic file (type pdf)
<use ./svg-inkscape/messung1_widerstand_quelle_widerstand_solo_svg-tex.pdf, pag
e 3>
Package pdftex.def Info: ./svg-inkscape/messung1_widerstand_quelle_widerstand_s
olo_svg-tex.pdf , page3 used on input line 60.
(pdftex.def)             Requested size: 167.29967pt x 88.04851pt.
)
[1


{/var/lib/texmf/fonts/map/pdftex/updmap/pdftex.map}]
Package svg Info: Last page of `./svg-inkscape/messung2_widerstand_quelle_zwei_
widerstaende_in_reihe_svg-tex.pdf' is 6 on input line 71.

(./svg-inkscape/messung2_widerstand_quelle_zwei_widerstaende_in_reihe_svg-tex.p
df_tex
<./svg-inkscape/messung2_widerstand_quelle_zwei_widerstaende_in_reihe_svg-tex.p
df, id=19, page=1, 412.12209pt x 421.00432pt>
File: ./svg-inkscape/messung2_widerstand_quelle_zwei_widerstaende_in_reihe_svg-
tex.pdf Graphic file (type pdf)
<use ./svg-inkscape/messung2_widerstand_quelle_zwei_widerstaende_in_reihe_svg-t
ex.pdf, page 1>
Package pdftex.def Info: ./svg-inkscape/messung2_widerstand_quelle_zwei_widerst
aende_in_reihe_svg-tex.pdf , page1 used on input line 56.
(pdftex.def)             Requested size: 167.29967pt x 170.9041pt.
<./svg-inkscape/messung2_widerstand_quelle_zwei_widerstaende_in_reihe_svg-tex.p
df, id=20, page=2, 412.12209pt x 421.00432pt>
File: ./svg-inkscape/messung2_widerstand_quelle_zwei_widerstaende_in_reihe_svg-
tex.pdf Graphic file (type pdf)
<use ./svg-inkscape/messung2_widerstand_quelle_zwei_widerstaende_in_reihe_svg-t
ex.pdf, page 2>
Package pdftex.def Info: ./svg-inkscape/messung2_widerstand_quelle_zwei_widerst
aende_in_reihe_svg-tex.pdf , page2 used on input line 58.
(pdftex.def)             Requested size: 167.29967pt x 170.9041pt.
<./svg-inkscape/messung2_widerstand_quelle_zwei_widerstaende_in_reihe_svg-tex.p
df, id=21, page=3, 412.12209pt x 421.00432pt>
File: ./svg-inkscape/messung2_widerstand_quelle_zwei_widerstaende_in_reihe_svg-
tex.pdf Graphic file (type pdf)
<use ./svg-inkscape/messung2_widerstand_quelle_zwei_widerstaende_in_reihe_svg-t
ex.pdf, page 3>
Package pdftex.def Info: ./svg-inkscape/messung2_widerstand_quelle_zwei_widerst
aende_in_reihe_svg-tex.pdf , page3 used on input line 60.
(pdftex.def)             Requested size: 167.29967pt x 170.9041pt.
<./svg-inkscape/messung2_widerstand_quelle_zwei_widerstaende_in_reihe_svg-tex.p
df, id=22, page=4, 412.12209pt x 421.00432pt>
File: ./svg-inkscape/messung2_widerstand_quelle_zwei_widerstaende_in_reihe_svg-
tex.pdf Graphic file (type pdf)
<use ./svg-inkscape/messung2_widerstand_quelle_zwei_widerstaende_in_reihe_svg-t
ex.pdf, page 4>
Package pdftex.def Info: ./svg-inkscape/messung2_widerstand_quelle_zwei_widerst
aende_in_reihe_svg-tex.pdf , page4 used on input line 62.
(pdftex.def)             Requested size: 167.29967pt x 170.9041pt.
<./svg-inkscape/messung2_widerstand_quelle_zwei_widerstaende_in_reihe_svg-tex.p
df, id=23, page=5, 412.12209pt x 421.00432pt>
File: ./svg-inkscape/messung2_widerstand_quelle_zwei_widerstaende_in_reihe_svg-
tex.pdf Graphic file (type pdf)
<use ./svg-inkscape/messung2_widerstand_quelle_zwei_widerstaende_in_reihe_svg-t
ex.pdf, page 5>
Package pdftex.def Info: ./svg-inkscape/messung2_widerstand_quelle_zwei_widerst
aende_in_reihe_svg-tex.pdf , page5 used on input line 64.
(pdftex.def)             Requested size: 167.29967pt x 170.9041pt.
<./svg-inkscape/messung2_widerstand_quelle_zwei_widerstaende_in_reihe_svg-tex.p
df, id=24, page=6, 412.12209pt x 421.00432pt>
File: ./svg-inkscape/messung2_widerstand_quelle_zwei_widerstaende_in_reihe_svg-
tex.pdf Graphic file (type pdf)
<use ./svg-inkscape/messung2_widerstand_quelle_zwei_widerstaende_in_reihe_svg-t
ex.pdf, page 6>
Package pdftex.def Info: ./svg-inkscape/messung2_widerstand_quelle_zwei_widerst
aende_in_reihe_svg-tex.pdf , page6 used on input line 66.
(pdftex.def)             Requested size: 167.29967pt x 170.9041pt.
)
Underfull \hbox (badness 3701) in paragraph at lines 81--82
[]\T1/cmr/m/n/10.95 Wenn bei-de Wi-der-stän-de iden-ti-sche
 []

[2 <./svg-inkscape/messung1_widerstand_quelle_widerstand_solo_svg-tex.pdf> <./s
vg-inkscape/messung1_widerstand_quelle_widerstand_solo_svg-tex.pdf

pdfTeX warning: /usr/bin/pdflatex (file ./svg-inkscape/messung1_widerstand_quel
le_widerstand_solo_svg-tex.pdf): PDF inclusion: multiple pdfs with page group i
ncluded in a single page
> <./svg-inkscape/messung1_widerstand_quelle_widerstand_solo_svg-tex.pdf

pdfTeX warning: /usr/bin/pdflatex (file ./svg-inkscape/messung1_widerstand_quel
le_widerstand_solo_svg-tex.pdf): PDF inclusion: multiple pdfs with page group i
ncluded in a single page
> <./svg-inkscape/messung2_widerstand_quelle_zwei_widerstaende_in_reihe_svg-tex
.pdf

pdfTeX warning: /usr/bin/pdflatex (file ./svg-inkscape/messung2_widerstand_quel
le_zwei_widerstaende_in_reihe_svg-tex.pdf): PDF inclusion: multiple pdfs with p
age group included in a single page
> <./svg-inkscape/messung2_widerstand_quelle_zwei_widerstaende_in_reihe_svg-tex
.pdf

pdfTeX warning: /usr/bin/pdflatex (file ./svg-inkscape/messung2_widerstand_quel
le_zwei_widerstaende_in_reihe_svg-tex.pdf): PDF inclusion: multiple pdfs with p
age group included in a single page
> <./svg-inkscape/messung2_widerstand_quelle_zwei_widerstaende_in_reihe_svg-tex
.pdf

pdfTeX warning: /usr/bin/pdflatex (file ./svg-inkscape/messung2_widerstand_quel
le_zwei_widerstaende_in_reihe_svg-tex.pdf): PDF inclusion: multiple pdfs with p
age group included in a single page
> <./svg-inkscape/messung2_widerstand_quelle_zwei_widerstaende_in_reihe_svg-tex
.pdf

pdfTeX warning: /usr/bin/pdflatex (file ./svg-inkscape/messung2_widerstand_quel
le_zwei_widerstaende_in_reihe_svg-tex.pdf): PDF inclusion: multiple pdfs with p
age group included in a single page
> <./svg-inkscape/messung2_widerstand_quelle_zwei_widerstaende_in_reihe_svg-tex
.pdf

pdfTeX warning: /usr/bin/pdflatex (file ./svg-inkscape/messung2_widerstand_quel
le_zwei_widerstaende_in_reihe_svg-tex.pdf): PDF inclusion: multiple pdfs with p
age group included in a single page
> <./svg-inkscape/messung2_widerstand_quelle_zwei_widerstaende_in_reihe_svg-tex
.pdf

pdfTeX warning: /usr/bin/pdflatex (file ./svg-inkscape/messung2_widerstand_quel
le_zwei_widerstaende_in_reihe_svg-tex.pdf): PDF inclusion: multiple pdfs with p
age group included in a single page
>] [3] (./aufgabe_temp_ueberwachung_esp32_dht22_mqtt_mosquitto_aufgabentext.aux
) ) 
Here is how much of TeX's memory you used:
 8501 strings out of 480121
 178334 string characters out of 5892159
 608608 words of memory out of 5000000
 26312 multiletter control sequences out of 15000+600000
 478419 words of font info for 48 fonts, out of 8000000 for 9000
 59 hyphenation exceptions out of 8191
 108i,13n,106p,10686b,429s stack positions out of 5000i,500n,10000p,200000b,80000s
{/usr/share/texmf/fonts/enc/dvips/cm-super/cm-super-t1.enc}</usr/share/texli
ve/texmf-dist/fonts/type1/public/amsfonts/cm/cmmi10.pfb></usr/share/texlive/tex
mf-dist/fonts/type1/public/amsfonts/cm/cmmi8.pfb></usr/share/texlive/texmf-dist
/fonts/type1/public/amsfonts/cm/cmr10.pfb></usr/share/texlive/texmf-dist/fonts/
type1/public/amsfonts/cm/cmr6.pfb></usr/share/texlive/texmf-dist/fonts/type1/pu
blic/amsfonts/cm/cmr8.pfb></usr/share/texlive/texmf-dist/fonts/type1/public/ams
fonts/cm/cmsy10.pfb></usr/share/texlive/texmf-dist/fonts/type1/public/amsfonts/
cm/cmsy8.pfb></usr/share/texmf/fonts/type1/public/cm-super/sfrm1095.pfb></usr/s
hare/texmf/fonts/type1/public/cm-super/sfrm1440.pfb></usr/share/texmf/fonts/typ
e1/public/cm-super/sfsx1200.pfb></usr/share/texmf/fonts/type1/public/cm-super/s
fsx1440.pfb></usr/share/texmf/fonts/type1/public/cm-super/sfsx2074.pfb>
Output written on aufgabe_temp_ueberwachung_esp32_dht22_mqtt_mosquitto_aufgaben
text.pdf (3 pages, 161575 bytes).
PDF statistics:
 92 PDF objects out of 1000 (max. 8388607)
 51 compressed objects within 1 object stream
 0 named destinations out of 1000 (max. 500000)
 68 words of extra memory for PDF output out of 10000 (max. 10000000)

